<?xml version="1.0" encoding="UTF-8"?>
<!-- Generated by org.testng.reporters.JUnitReportReporter -->
<testsuite skipped="0" hostname="AyC-NTB" name="Pruebas.TestBase" tests="1" failures="0" timestamp="2021-08-09T19:35:58 ART" time="69.095" errors="0">
  <testcase name="Hogar" time="69.095" classname="Pruebas.TestBase"/>
  <system-out/>
</testsuite> <!-- Pruebas.TestBase -->
